Parameters - Namespace(K=1000, bottleneck=1.0, colonizers=0, colrate=0.01, curves=False, do_plots=False, empiricaldir='empirical_data', exponential=False, force=True, invasion_time=-1, invasiveness=0.1, meta='logser', mode='volcanic', model=4, nsims=50000, octaves=False, outdir='output', plot_models=False, quiet=False, recording_period=5000, verbose=False)
Raw abundance dist - OrderedDict([(1, 3), (2, 2), (3, 2), (4, 1), (5, 1), (7, 2), (8, 2), (41, 1), (11, 1), (16, 1), (17, 1), (19, 1), (20, 1), (25, 1), (71, 1), (27, 1), (62, 1)])
Abundance in octaves - OrderedDict([(1, 3), (2, 4), (4, 4), (8, 3), (16, 6)])
Shannon's entropy - 2.56898636394


Simulated Species Abundance Distribution
###############################################################################
||||||||||||||||||||||||||||||||||||||||||||||||||||||||||||||||||||||||  3  1 
||||||||||||||||||||||||||||||||||||||||||||||||                          2  2 
||||||||||||||||||||||||||||||||||||||||||||||||                          2  3 
||||||||||||||||||||||||                                                  1  4 
||||||||||||||||||||||||                                                  1  5 
||||||||||||||||||||||||||||||||||||||||||||||||                          2  7 
||||||||||||||||||||||||||||||||||||||||||||||||                          2  8 
||||||||||||||||||||||||                                                  1  41
||||||||||||||||||||||||                                                  1  11
||||||||||||||||||||||||                                                  1  16
||||||||||||||||||||||||                                                  1  17
||||||||||||||||||||||||                                                  1  19
||||||||||||||||||||||||                                                  1  20
||||||||||||||||||||||||                                                  1  25
||||||||||||||||||||||||                                                  1  71
||||||||||||||||||||||||                                                  1  27
||||||||||||||||||||||||                                                  1  62
###############################################################################

Species Name    Col time    mig_rate    Loc Abund    Meta Abund    pi    pi_net    Dxy    S    S_island    pi_island    tajD_island    S_meta    pi_meta
--------------  ----------  ----------  -----------  ------------  ----  --------  -----  ---  ----------  -----------  -------------  --------  ---------