atEQ False	step 5000	percent_equil 0.066	 shannon 2.35011258211 mean/stdv/median/iqr/entropy pi nan/nan/nan/nan/0.0	mean/stdv/median/iqr/entropy dxy nan/nan/nan/nan/0.0
Dxy
0.00000 0 0 0 0 0 0 0 0 0
0.01110 0 0 0 0 0 0 0 0 0
0.02220 0 0 0 0 0 0 0 0 0
0.03330 0 0 0 0 0 0 0 0 0
0.04440 0 0 0 0 0 0 0 0 0
0.05560 0 0 0 0 0 0 0 0 0
0.06670 0 0 0 0 0 0 0 0 0
0.07780 0 0 0 0 0 0 0 0 0
0.08890 0 0 0 0 0 0 0 0 0
0.10000 0 0 0 0 0 0 0 0 0
	['0.0000', '0.0111', '0.0222', '0.0333', '0.0444', '0.0556', '0.0667', '0.0778', '0.0889', '0.1000']
		pi_w island
atEQ False	step 10000	percent_equil 0.093	 shannon 2.51445234889 mean/stdv/median/iqr/entropy pi nan/nan/nan/nan/0.0	mean/stdv/median/iqr/entropy dxy nan/nan/nan/nan/0.0
Dxy
0.00000 0 0 0 0 0 0 0 0 0
0.01110 0 0 0 0 0 0 0 0 0
0.02220 0 0 0 0 0 0 0 0 0
0.03330 0 0 0 0 0 0 0 0 0
0.04440 0 0 0 0 0 0 0 0 0
0.05560 0 0 0 0 0 0 0 0 0
0.06670 0 0 0 0 0 0 0 0 0
0.07780 0 0 0 0 0 0 0 0 0
0.08890 0 0 0 0 0 0 0 0 0
0.10000 0 0 0 0 0 0 0 0 0
	['0.0000', '0.0111', '0.0222', '0.0333', '0.0444', '0.0556', '0.0667', '0.0778', '0.0889', '0.1000']
		pi_w island
atEQ False	step 15000	percent_equil 0.137	 shannon 2.58856974404 mean/stdv/median/iqr/entropy pi nan/nan/nan/nan/0.0	mean/stdv/median/iqr/entropy dxy nan/nan/nan/nan/0.0
Dxy
0.00000 0 0 0 0 0 0 0 0 0
0.01110 0 0 0 0 0 0 0 0 0
0.02220 0 0 0 0 0 0 0 0 0
0.03330 0 0 0 0 0 0 0 0 0
0.04440 0 0 0 0 0 0 0 0 0
0.05560 0 0 0 0 0 0 0 0 0
0.06670 0 0 0 0 0 0 0 0 0
0.07780 0 0 0 0 0 0 0 0 0
0.08890 0 0 0 0 0 0 0 0 0
0.10000 0 0 0 0 0 0 0 0 0
	['0.0000', '0.0111', '0.0222', '0.0333', '0.0444', '0.0556', '0.0667', '0.0778', '0.0889', '0.1000']
		pi_w island
atEQ False	step 20000	percent_equil 0.165	 shannon 2.44189474948 mean/stdv/median/iqr/entropy pi nan/nan/nan/nan/0.0	mean/stdv/median/iqr/entropy dxy nan/nan/nan/nan/0.0
Dxy
0.00000 0 0 0 0 0 0 0 0 0
0.01110 0 0 0 0 0 0 0 0 0
0.02220 0 0 0 0 0 0 0 0 0
0.03330 0 0 0 0 0 0 0 0 0
0.04440 0 0 0 0 0 0 0 0 0
0.05560 0 0 0 0 0 0 0 0 0
0.06670 0 0 0 0 0 0 0 0 0
0.07780 0 0 0 0 0 0 0 0 0
0.08890 0 0 0 0 0 0 0 0 0
0.10000 0 0 0 0 0 0 0 0 0
	['0.0000', '0.0111', '0.0222', '0.0333', '0.0444', '0.0556', '0.0667', '0.0778', '0.0889', '0.1000']
		pi_w island
atEQ False	step 25000	percent_equil 0.154	 shannon 2.41149830716 mean/stdv/median/iqr/entropy pi nan/nan/nan/nan/0.0	mean/stdv/median/iqr/entropy dxy nan/nan/nan/nan/0.0
Dxy
0.00000 0 0 0 0 0 0 0 0 0
0.01110 0 0 0 0 0 0 0 0 0
0.02220 0 0 0 0 0 0 0 0 0
0.03330 0 0 0 0 0 0 0 0 0
0.04440 0 0 0 0 0 0 0 0 0
0.05560 0 0 0 0 0 0 0 0 0
0.06670 0 0 0 0 0 0 0 0 0
0.07780 0 0 0 0 0 0 0 0 0
0.08890 0 0 0 0 0 0 0 0 0
0.10000 0 0 0 0 0 0 0 0 0
	['0.0000', '0.0111', '0.0222', '0.0333', '0.0444', '0.0556', '0.0667', '0.0778', '0.0889', '0.1000']
		pi_w island
atEQ False	step 30000	percent_equil 0.221	 shannon 2.46454155332 mean/stdv/median/iqr/entropy pi nan/nan/nan/nan/0.0	mean/stdv/median/iqr/entropy dxy nan/nan/nan/nan/0.0
Dxy
0.00000 0 0 0 0 0 0 0 0 0
0.01110 0 0 0 0 0 0 0 0 0
0.02220 0 0 0 0 0 0 0 0 0
0.03330 0 0 0 0 0 0 0 0 0
0.04440 0 0 0 0 0 0 0 0 0
0.05560 0 0 0 0 0 0 0 0 0
0.06670 0 0 0 0 0 0 0 0 0
0.07780 0 0 0 0 0 0 0 0 0
0.08890 0 0 0 0 0 0 0 0 0
0.10000 0 0 0 0 0 0 0 0 0
	['0.0000', '0.0111', '0.0222', '0.0333', '0.0444', '0.0556', '0.0667', '0.0778', '0.0889', '0.1000']
		pi_w island
atEQ False	step 35000	percent_equil 0.348	 shannon 2.35756794348 mean/stdv/median/iqr/entropy pi nan/nan/nan/nan/0.0	mean/stdv/median/iqr/entropy dxy nan/nan/nan/nan/0.0
Dxy
0.00000 0 0 0 0 0 0 0 0 0
0.01110 0 0 0 0 0 0 0 0 0
0.02220 0 0 0 0 0 0 0 0 0
0.03330 0 0 0 0 0 0 0 0 0
0.04440 0 0 0 0 0 0 0 0 0
0.05560 0 0 0 0 0 0 0 0 0
0.06670 0 0 0 0 0 0 0 0 0
0.07780 0 0 0 0 0 0 0 0 0
0.08890 0 0 0 0 0 0 0 0 0
0.10000 0 0 0 0 0 0 0 0 0
	['0.0000', '0.0111', '0.0222', '0.0333', '0.0444', '0.0556', '0.0667', '0.0778', '0.0889', '0.1000']
		pi_w island
atEQ False	step 40000	percent_equil 0.315	 shannon 2.75342353329 mean/stdv/median/iqr/entropy pi nan/nan/nan/nan/0.0	mean/stdv/median/iqr/entropy dxy nan/nan/nan/nan/0.0
Dxy
0.00000 0 0 0 0 0 0 0 0 0
0.01110 0 0 0 0 0 0 0 0 0
0.02220 0 0 0 0 0 0 0 0 0
0.03330 0 0 0 0 0 0 0 0 0
0.04440 0 0 0 0 0 0 0 0 0
0.05560 0 0 0 0 0 0 0 0 0
0.06670 0 0 0 0 0 0 0 0 0
0.07780 0 0 0 0 0 0 0 0 0
0.08890 0 0 0 0 0 0 0 0 0
0.10000 0 0 0 0 0 0 0 0 0
	['0.0000', '0.0111', '0.0222', '0.0333', '0.0444', '0.0556', '0.0667', '0.0778', '0.0889', '0.1000']
		pi_w island
atEQ False	step 45000	percent_equil 0.378	 shannon 2.75318307148 mean/stdv/median/iqr/entropy pi nan/nan/nan/nan/0.0	mean/stdv/median/iqr/entropy dxy nan/nan/nan/nan/0.0
Dxy
0.00000 0 0 0 0 0 0 0 0 0
0.01110 0 0 0 0 0 0 0 0 0
0.02220 0 0 0 0 0 0 0 0 0
0.03330 0 0 0 0 0 0 0 0 0
0.04440 0 0 0 0 0 0 0 0 0
0.05560 0 0 0 0 0 0 0 0 0
0.06670 0 0 0 0 0 0 0 0 0
0.07780 0 0 0 0 0 0 0 0 0
0.08890 0 0 0 0 0 0 0 0 0
0.10000 0 0 0 0 0 0 0 0 0
	['0.0000', '0.0111', '0.0222', '0.0333', '0.0444', '0.0556', '0.0667', '0.0778', '0.0889', '0.1000']
		pi_w island
atEQ False	step 50000	percent_equil 0.361	 shannon 2.56898636394 mean/stdv/median/iqr/entropy pi nan/nan/nan/nan/0.0	mean/stdv/median/iqr/entropy dxy nan/nan/nan/nan/0.0
Dxy
0.00000 0 0 0 0 0 0 0 0 0
0.01110 0 0 0 0 0 0 0 0 0
0.02220 0 0 0 0 0 0 0 0 0
0.03330 0 0 0 0 0 0 0 0 0
0.04440 0 0 0 0 0 0 0 0 0
0.05560 0 0 0 0 0 0 0 0 0
0.06670 0 0 0 0 0 0 0 0 0
0.07780 0 0 0 0 0 0 0 0 0
0.08890 0 0 0 0 0 0 0 0 0
0.10000 0 0 0 0 0 0 0 0 0
	['0.0000', '0.0111', '0.0222', '0.0333', '0.0444', '0.0556', '0.0667', '0.0778', '0.0889', '0.1000']
		pi_w island
